<?xml version="1.0" encoding="UTF-8"?>
<testsuite xmlns:xsi="http://www.w3.org/2001/XMLSchema-instance" xsi:noNamespaceSchemaLocation="https://maven.apache.org/surefire/maven-surefire-plugin/xsd/surefire-test-report-3.0.xsd" version="3.0" name="at.cgsit.jeemicro.resource.ExampleResourceTest" time="14.214" tests="1" errors="0" skipped="0" failures="0">
  <properties>
[...]
</properties>
  <testcase name="testHelloEndpoint" classname="at.cgsit.jeemicro.resource.ExampleResourceTest" time="2.353">
    <system-out><![CDATA[CGSIT: 22:12:05 WARN  [io.qu.config] (main) Unrecognized configuration key "quarkus.hibernate-orm.log.bind-parameters" was provided; it will be ignored; verify that the dependency extension for this configuration is set or that you did not make a typo
 CGSIT: 22:12:05 WARN  [io.qu.config] (main) Unrecognized configuration key "quarkus.hibernate-orm.log.sql" was provided; it will be ignored; verify that the dependency extension for this configuration is set or that you did not make a typo
 CGSIT: 22:12:08 INFO  [io.quarkus] (main) maven-training-restapi 1.0-SNAPSHOT on JVM (powered by Quarkus 3.0.3.Final) started in 5.769s. Listening on: http://localhost:8081
 CGSIT: 22:12:08 INFO  [io.quarkus] (main) Profile test activated. 
 CGSIT: 22:12:08 INFO  [io.quarkus] (main) Installed features: [cdi, resteasy-reactive, resteasy-reactive-jackson, smallrye-context-propagation, smallrye-openapi, swagger-ui, vertx]
 CGSIT: 22:12:10 INFO  [at.cg.je.ExampleResource] (executor-thread-1) hello: 1
 ]]></system-out>
  </testcase>
</testsuite>